0 info it worked if it ends with ok
1 verbose cli [ 'C:\\Program Files\\nodejs\\node.exe',
1 verbose cli   'C:\\Program Files\\nodejs\\node_modules\\npm\\bin\\npm-cli.js',
1 verbose cli   'install',
1 verbose cli   'fibers' ]
2 info using npm@2.15.9
3 info using node@v4.6.0
4 verbose install initial load of C:\Users\del\Desktop\New folder\IDW_Demo\package.json
5 verbose installManyTop reading scoped package data from C:\Users\del\Desktop\New folder\IDW_Demo\node_modules\babel-runtime\package.json
6 verbose installManyTop reading scoped package data from C:\Users\del\Desktop\New folder\IDW_Demo\node_modules\core-js\package.json
7 verbose installManyTop reading scoped package data from C:\Users\del\Desktop\New folder\IDW_Demo\node_modules\regenerator-runtime\package.json
8 verbose readDependencies loading dependencies from C:\Users\del\Desktop\New folder\IDW_Demo\package.json
9 silly cache add args [ 'fibers', null ]
10 verbose cache add spec fibers
11 silly cache add parsed spec Result {
11 silly cache add   raw: 'fibers',
11 silly cache add   scope: null,
11 silly cache add   name: 'fibers',
11 silly cache add   rawSpec: '',
11 silly cache add   spec: 'latest',
11 silly cache add   type: 'tag' }
12 silly addNamed fibers@latest
13 verbose addNamed "latest" is being treated as a dist-tag for fibers
14 info addNameTag [ 'fibers', 'latest' ]
15 silly mapToRegistry name fibers
16 silly mapToRegistry using default registry
17 silly mapToRegistry registry https://registry.npmjs.org/
18 silly mapToRegistry data Result {
18 silly mapToRegistry   raw: 'fibers',
18 silly mapToRegistry   scope: null,
18 silly mapToRegistry   name: 'fibers',
18 silly mapToRegistry   rawSpec: '',
18 silly mapToRegistry   spec: 'latest',
18 silly mapToRegistry   type: 'tag' }
19 silly mapToRegistry uri https://registry.npmjs.org/fibers
20 verbose addNameTag registry:https://registry.npmjs.org/fibers not in flight; fetching
21 verbose request uri https://registry.npmjs.org/fibers
22 verbose request no auth needed
23 info attempt registry request try #1 at 12:17:36 PM
24 verbose request id 1e38d83b3e008f22
25 verbose etag W/"59e42648-10471"
26 verbose lastModified Mon, 16 Oct 2017 03:23:52 GMT
27 http request GET https://registry.npmjs.org/fibers
28 http 304 https://registry.npmjs.org/fibers
29 verbose headers { date: 'Fri, 10 Nov 2017 06:47:31 GMT',
29 verbose headers   via: '1.1 varnish',
29 verbose headers   'cache-control': 'max-age=300',
29 verbose headers   etag: 'W/"59e42648-10471"',
29 verbose headers   age: '118',
29 verbose headers   connection: 'keep-alive',
29 verbose headers   'x-served-by': 'cache-hhn1531-HHN',
29 verbose headers   'x-cache': 'HIT',
29 verbose headers   'x-cache-hits': '1',
29 verbose headers   'x-timer': 'S1510296451.059856,VS0,VE1',
29 verbose headers   vary: 'Accept-Encoding, Accept' }
30 silly get cb [ 304,
30 silly get   { date: 'Fri, 10 Nov 2017 06:47:31 GMT',
30 silly get     via: '1.1 varnish',
30 silly get     'cache-control': 'max-age=300',
30 silly get     etag: 'W/"59e42648-10471"',
30 silly get     age: '118',
30 silly get     connection: 'keep-alive',
30 silly get     'x-served-by': 'cache-hhn1531-HHN',
30 silly get     'x-cache': 'HIT',
30 silly get     'x-cache-hits': '1',
30 silly get     'x-timer': 'S1510296451.059856,VS0,VE1',
30 silly get     vary: 'Accept-Encoding, Accept' } ]
31 verbose etag https://registry.npmjs.org/fibers from cache
32 verbose get saving fibers to C:\Users\del\AppData\Roaming\npm-cache\registry.npmjs.org\fibers\.cache.json
33 verbose correctMkdir C:\Users\del\AppData\Roaming\npm-cache correctMkdir not in flight; initializing
34 silly addNameTag next cb for fibers with tag latest
35 silly addNamed fibers@2.0.0
36 verbose addNamed "2.0.0" is a plain semver version for fibers
37 silly cache afterAdd fibers@2.0.0
38 verbose afterAdd C:\Users\del\AppData\Roaming\npm-cache\fibers\2.0.0\package\package.json not in flight; writing
39 verbose correctMkdir C:\Users\del\AppData\Roaming\npm-cache correctMkdir not in flight; initializing
40 verbose afterAdd C:\Users\del\AppData\Roaming\npm-cache\fibers\2.0.0\package\package.json written
41 silly install resolved [ { name: 'fibers',
41 silly install resolved     version: '2.0.0',
41 silly install resolved     description: 'Cooperative multi-tasking for Javascript',
41 silly install resolved     keywords:
41 silly install resolved      [ 'fiber',
41 silly install resolved        'fibers',
41 silly install resolved        'coroutine',
41 silly install resolved        'thread',
41 silly install resolved        'async',
41 silly install resolved        'parallel',
41 silly install resolved        'worker',
41 silly install resolved        'future',
41 silly install resolved        'promise' ],
41 silly install resolved     homepage: 'https://github.com/laverdet/node-fibers',
41 silly install resolved     author:
41 silly install resolved      { name: 'Marcel Laverdet',
41 silly install resolved        email: 'marcel@laverdet.com',
41 silly install resolved        url: 'https://github.com/laverdet/' },
41 silly install resolved     main: 'fibers',
41 silly install resolved     scripts:
41 silly install resolved      { install: 'node build.js || nodejs build.js',
41 silly install resolved        test: 'node test.js || nodejs test.js' },
41 silly install resolved     repository:
41 silly install resolved      { type: 'git',
41 silly install resolved        url: 'git://github.com/laverdet/node-fibers.git' },
41 silly install resolved     license: 'MIT',
41 silly install resolved     engines: { node: '>=0.5.2' },
41 silly install resolved     bugs: { url: 'https://github.com/laverdet/node-fibers/issues' },
41 silly install resolved     _id: 'fibers@2.0.0',
41 silly install resolved     _npmVersion: '5.0.0',
41 silly install resolved     _nodeVersion: '8.0.0',
41 silly install resolved     _npmUser: { name: 'laverdet', email: 'marcel.npm@laverdet.com' },
41 silly install resolved     dist:
41 silly install resolved      { integrity: 'sha512-sLxo4rZVk7xLgAjb/6zEzHJfSALx6u6coN1z61XCOF7i6CyTdJawF4+RdpjCSeS8AP66eR2InScbYAz9RAVOgA==',
41 silly install resolved        shasum: 'f26d0aaf1f99995fbe1cb3f340efac08bda9dc4b',
41 silly install resolved        tarball: 'https://registry.npmjs.org/fibers/-/fibers-2.0.0.tgz' },
41 silly install resolved     maintainers: [ [Object] ],
41 silly install resolved     _npmOperationalInternal:
41 silly install resolved      { host: 's3://npm-registry-packages',
41 silly install resolved        tmp: 'tmp/fibers-2.0.0.tgz_1496688401588_0.38031439599581063' },
41 silly install resolved     directories: {},
41 silly install resolved     _shasum: 'f26d0aaf1f99995fbe1cb3f340efac08bda9dc4b',
41 silly install resolved     _resolved: 'https://registry.npmjs.org/fibers/-/fibers-2.0.0.tgz',
41 silly install resolved     _from: 'fibers@latest',
41 silly install resolved     readme: 'ERROR: No README data found!' } ]
42 info install fibers@2.0.0 into C:\Users\del\Desktop\New folder\IDW_Demo
43 info installOne fibers@2.0.0
44 verbose installOne of fibers to C:\Users\del\Desktop\New folder\IDW_Demo not in flight; installing
45 verbose correctMkdir C:\Users\del\AppData\Roaming\npm-cache\_locks correctMkdir not in flight; initializing
46 verbose lock using C:\Users\del\AppData\Roaming\npm-cache\_locks\fibers-9557109580917ba4.lock for C:\Users\del\Desktop\New folder\IDW_Demo\node_modules\fibers
47 silly install write writing fibers 2.0.0 to C:\Users\del\Desktop\New folder\IDW_Demo\node_modules\fibers
48 verbose unbuild node_modules\fibers
49 silly gentlyRm C:\Users\del\Desktop\New folder\IDW_Demo\node_modules\fibers is being purged from base C:\Users\del\Desktop\New folder\IDW_Demo
50 verbose gentlyRm don't care about contents; nuking C:\Users\del\Desktop\New folder\IDW_Demo\node_modules\fibers
51 verbose tar unpack C:\Users\del\AppData\Roaming\npm-cache\fibers\2.0.0\package.tgz
52 verbose tar unpacking to C:\Users\del\Desktop\New folder\IDW_Demo\node_modules\fibers
53 silly gentlyRm C:\Users\del\Desktop\New folder\IDW_Demo\node_modules\fibers is being purged
54 verbose gentlyRm don't care about contents; nuking C:\Users\del\Desktop\New folder\IDW_Demo\node_modules\fibers
55 silly gunzTarPerm modes [ '777', '666' ]
56 silly gunzTarPerm extractEntry package.json
57 silly gunzTarPerm modified mode [ 'package.json', 420, 438 ]
58 silly gunzTarPerm extractEntry .npmignore
59 silly gunzTarPerm modified mode [ '.npmignore', 420, 438 ]
60 silly gunzTarPerm extractEntry README.md
61 silly gunzTarPerm modified mode [ 'README.md', 420, 438 ]
62 silly gunzTarPerm extractEntry LICENSE
63 silly gunzTarPerm modified mode [ 'LICENSE', 420, 438 ]
64 silly gunzTarPerm extractEntry quick-test.js
65 silly gunzTarPerm modified mode [ 'quick-test.js', 420, 438 ]
66 silly gunzTarPerm extractEntry build.js
67 silly gunzTarPerm modified mode [ 'build.js', 493, 511 ]
68 silly gunzTarPerm extractEntry future.js
69 silly gunzTarPerm modified mode [ 'future.js', 420, 438 ]
70 silly gunzTarPerm extractEntry test.js
71 silly gunzTarPerm modified mode [ 'test.js', 493, 511 ]
72 silly gunzTarPerm extractEntry fibers.js
73 silly gunzTarPerm modified mode [ 'fibers.js', 420, 438 ]
74 silly gunzTarPerm extractEntry .travis.yml
75 silly gunzTarPerm modified mode [ '.travis.yml', 420, 438 ]
76 silly gunzTarPerm extractEntry binding.gyp
77 silly gunzTarPerm modified mode [ 'binding.gyp', 420, 438 ]
78 silly gunzTarPerm extractEntry bin/.npmignore
79 silly gunzTarPerm modified mode [ 'bin/.npmignore', 420, 438 ]
80 silly gunzTarPerm extractEntry bin/win32-x64-57/fibers.node
81 silly gunzTarPerm modified mode [ 'bin/win32-x64-57/fibers.node', 493, 511 ]
82 silly gunzTarPerm extractEntry bin/darwin-ia32-57/fibers.node
83 silly gunzTarPerm modified mode [ 'bin/darwin-ia32-57/fibers.node', 493, 511 ]
84 silly gunzTarPerm extractEntry bin/darwin-x64-48/fibers.node
85 silly gunzTarPerm modified mode [ 'bin/darwin-x64-48/fibers.node', 493, 511 ]
86 silly gunzTarPerm extractEntry bin/darwin-x64-57/fibers.node
87 silly gunzTarPerm modified mode [ 'bin/darwin-x64-57/fibers.node', 493, 511 ]
88 silly gunzTarPerm extractEntry bin/linux-ia32-48/fibers.node
89 silly gunzTarPerm modified mode [ 'bin/linux-ia32-48/fibers.node', 493, 511 ]
90 silly gunzTarPerm extractEntry bin/linux-ia32-57/fibers.node
91 silly gunzTarPerm modified mode [ 'bin/linux-ia32-57/fibers.node', 493, 511 ]
92 silly gunzTarPerm extractEntry bin/darwin-ia32-48/fibers.node
93 silly gunzTarPerm modified mode [ 'bin/darwin-ia32-48/fibers.node', 493, 511 ]
94 silly gunzTarPerm extractEntry bin/linux-x64-57/fibers.node
95 silly gunzTarPerm modified mode [ 'bin/linux-x64-57/fibers.node', 493, 511 ]
96 silly gunzTarPerm extractEntry bin/repl
97 silly gunzTarPerm modified mode [ 'bin/repl', 493, 511 ]
98 silly gunzTarPerm extractEntry bin/win32-ia32-48/fibers.node
99 silly gunzTarPerm modified mode [ 'bin/win32-ia32-48/fibers.node', 420, 438 ]
100 silly gunzTarPerm extractEntry bin/win32-ia32-57/fibers.node
101 silly gunzTarPerm modified mode [ 'bin/win32-ia32-57/fibers.node', 493, 511 ]
102 silly gunzTarPerm extractEntry bin/win32-x64-48/fibers.node
103 silly gunzTarPerm modified mode [ 'bin/win32-x64-48/fibers.node', 420, 438 ]
104 silly gunzTarPerm extractEntry bin/linux-x64-48/fibers.node
105 silly gunzTarPerm modified mode [ 'bin/linux-x64-48/fibers.node', 493, 511 ]
106 silly gunzTarPerm extractEntry src/coroutine.cc
107 silly gunzTarPerm modified mode [ 'src/coroutine.cc', 420, 438 ]
108 silly gunzTarPerm extractEntry src/coroutine.h
109 silly gunzTarPerm modified mode [ 'src/coroutine.h', 420, 438 ]
110 silly gunzTarPerm extractEntry src/fibers.cc
111 silly gunzTarPerm modified mode [ 'src/fibers.cc', 420, 438 ]
112 silly gunzTarPerm extractEntry src/libcoro/README
113 silly gunzTarPerm modified mode [ 'src/libcoro/README', 420, 438 ]
114 silly gunzTarPerm extractEntry src/libcoro/LICENSE
115 silly gunzTarPerm modified mode [ 'src/libcoro/LICENSE', 420, 438 ]
116 silly gunzTarPerm extractEntry src/libcoro/conftest.c
117 silly gunzTarPerm modified mode [ 'src/libcoro/conftest.c', 420, 438 ]
118 silly gunzTarPerm extractEntry src/libcoro/coro.c
119 silly gunzTarPerm modified mode [ 'src/libcoro/coro.c', 420, 438 ]
120 silly gunzTarPerm extractEntry src/libcoro/coro.h
121 silly gunzTarPerm modified mode [ 'src/libcoro/coro.h', 420, 438 ]
122 silly gunzTarPerm extractEntry src/v8-version.h
123 silly gunzTarPerm modified mode [ 'src/v8-version.h', 420, 438 ]
124 silly gunzTarPerm extractEntry test/already-running.js
125 silly gunzTarPerm modified mode [ 'test/already-running.js', 420, 438 ]
126 silly gunzTarPerm extractEntry test/exit.js
127 silly gunzTarPerm modified mode [ 'test/exit.js', 420, 438 ]
128 silly gunzTarPerm extractEntry test/fibonacci.js
129 silly gunzTarPerm modified mode [ 'test/fibonacci.js', 420, 438 ]
130 silly gunzTarPerm extractEntry test/finish-multiple.js
131 silly gunzTarPerm modified mode [ 'test/finish-multiple.js', 420, 438 ]
132 silly gunzTarPerm extractEntry test/exec.js
133 silly gunzTarPerm modified mode [ 'test/exec.js', 420, 438 ]
134 silly gunzTarPerm extractEntry test/future.js
135 silly gunzTarPerm modified mode [ 'test/future.js', 420, 438 ]
136 silly gunzTarPerm extractEntry test/illegal-yield.js
137 silly gunzTarPerm modified mode [ 'test/illegal-yield.js', 420, 438 ]
138 silly gunzTarPerm extractEntry test/pool.js
139 silly gunzTarPerm modified mode [ 'test/pool.js', 420, 438 ]
140 silly gunzTarPerm extractEntry test/process-title.js
141 silly gunzTarPerm modified mode [ 'test/process-title.js', 420, 438 ]
142 silly gunzTarPerm extractEntry test/stack-overflow.js
143 silly gunzTarPerm modified mode [ 'test/stack-overflow.js', 420, 438 ]
144 silly gunzTarPerm extractEntry test/current.js
145 silly gunzTarPerm modified mode [ 'test/current.js', 420, 438 ]
146 silly gunzTarPerm extractEntry test/stack-overflow2.js
147 silly gunzTarPerm modified mode [ 'test/stack-overflow2.js', 493, 511 ]
148 silly gunzTarPerm extractEntry test/child-process.js
149 silly gunzTarPerm modified mode [ 'test/child-process.js', 420, 438 ]
150 silly gunzTarPerm extractEntry test/started.js
151 silly gunzTarPerm modified mode [ 'test/started.js', 420, 438 ]
152 silly gunzTarPerm extractEntry test/bad-context.js
153 silly gunzTarPerm modified mode [ 'test/bad-context.js', 420, 438 ]
154 silly gunzTarPerm extractEntry test/unwind.js
155 silly gunzTarPerm modified mode [ 'test/unwind.js', 420, 438 ]
156 silly gunzTarPerm extractEntry test/future-exception.js
157 silly gunzTarPerm modified mode [ 'test/future-exception.js', 420, 438 ]
158 verbose write writing to C:\Users\del\Desktop\New folder\IDW_Demo\node_modules\fibers\package.json
159 info preinstall fibers@2.0.0
160 verbose readDependencies loading dependencies from C:\Users\del\Desktop\New folder\IDW_Demo\node_modules\fibers\package.json
161 verbose readDependencies loading dependencies from C:\Users\del\Desktop\New folder\IDW_Demo\node_modules\fibers\package.json
162 silly install resolved []
163 verbose about to build C:\Users\del\Desktop\New folder\IDW_Demo\node_modules\fibers
164 info build C:\Users\del\Desktop\New folder\IDW_Demo\node_modules\fibers
165 info linkStuff fibers@2.0.0
166 silly linkStuff fibers@2.0.0 has C:\Users\del\Desktop\New folder\IDW_Demo\node_modules as its parent node_modules
167 verbose linkBins fibers@2.0.0
168 verbose linkMans fibers@2.0.0
169 verbose rebuildBundles fibers@2.0.0
170 info install fibers@2.0.0
171 verbose unsafe-perm in lifecycle true
172 info fibers@2.0.0 Failed to exec install script
173 verbose unlock done using C:\Users\del\AppData\Roaming\npm-cache\_locks\fibers-9557109580917ba4.lock for C:\Users\del\Desktop\New folder\IDW_Demo\node_modules\fibers
174 verbose stack Error: fibers@2.0.0 install: `node build.js || nodejs build.js`
174 verbose stack Exit status 1
174 verbose stack     at EventEmitter.<anonymous> (C:\Program Files\nodejs\node_modules\npm\lib\utils\lifecycle.js:217:16)
174 verbose stack     at emitTwo (events.js:87:13)
174 verbose stack     at EventEmitter.emit (events.js:172:7)
174 verbose stack     at ChildProcess.<anonymous> (C:\Program Files\nodejs\node_modules\npm\lib\utils\spawn.js:24:14)
174 verbose stack     at emitTwo (events.js:87:13)
174 verbose stack     at ChildProcess.emit (events.js:172:7)
174 verbose stack     at maybeClose (internal/child_process.js:829:16)
174 verbose stack     at Process.ChildProcess._handle.onexit (internal/child_process.js:211:5)
175 verbose pkgid fibers@2.0.0
176 verbose cwd C:\Users\del\Desktop\New folder\IDW_Demo
177 error Windows_NT 6.1.7601
178 error argv "C:\\Program Files\\nodejs\\node.exe" "C:\\Program Files\\nodejs\\node_modules\\npm\\bin\\npm-cli.js" "install" "fibers"
179 error node v4.6.0
180 error npm  v2.15.9
181 error code ELIFECYCLE
182 error fibers@2.0.0 install: `node build.js || nodejs build.js`
182 error Exit status 1
183 error Failed at the fibers@2.0.0 install script 'node build.js || nodejs build.js'.
183 error This is most likely a problem with the fibers package,
183 error not with npm itself.
183 error Tell the author that this fails on your system:
183 error     node build.js || nodejs build.js
183 error You can get information on how to open an issue for this project with:
183 error     npm bugs fibers
183 error Or if that isn't available, you can get their info via:
183 error
183 error     npm owner ls fibers
183 error There is likely additional logging output above.
184 verbose exit [ 1, true ]
185 verbose unbuild node_modules\fibers
186 info preuninstall fibers@2.0.0
187 info uninstall fibers@2.0.0
188 verbose unbuild rmStuff fibers@2.0.0 from C:\Users\del\Desktop\New folder\IDW_Demo\node_modules
189 info postuninstall fibers@2.0.0
190 silly gentlyRm C:\Users\del\Desktop\New folder\IDW_Demo\node_modules\fibers is being purged from base C:\Users\del\Desktop\New folder\IDW_Demo
191 verbose gentlyRm don't care about contents; nuking C:\Users\del\Desktop\New folder\IDW_Demo\node_modules\fibers
192 silly vacuum-fs purging C:\Users\del\Desktop\New folder\IDW_Demo\node_modules\fibers
193 silly vacuum-fs quitting because other entries in C:\Users\del\Desktop\New folder\IDW_Demo\node_modules
